Determining if the pthread_create exist failed with the following output:
Change Dir: /home/l/n/lnoharet/Documents/dgi/CgLab1/CMakeFiles/CMakeTmp

Run Build Command:"/usr/bin/make" "cmTC_dbcf1/fast"
/usr/bin/make -f CMakeFiles/cmTC_dbcf1.dir/build.make CMakeFiles/cmTC_dbcf1.dir/build
make[1]: Entering directory '/afs/kth.se/home/l/n/lnoharet/Documents/dgi/CgLab1/CMakeFiles/CMakeTmp'
Building C object CMakeFiles/cmTC_dbcf1.dir/CheckSymbolExists.c.o
/usr/bin/cc    -o CMakeFiles/cmTC_dbcf1.dir/CheckSymbolExists.c.o   -c /home/l/n/lnoharet/Documents/dgi/CgLab1/CMakeFiles/CMakeTmp/CheckSymbolExists.c
Linking C executable cmTC_dbcf1
/usr/bin/cmake -E cmake_link_script CMakeFiles/cmTC_dbcf1.dir/link.txt --verbose=1
/usr/bin/cc      -rdynamic CMakeFiles/cmTC_dbcf1.dir/CheckSymbolExists.c.o  -o cmTC_dbcf1 
CMakeFiles/cmTC_dbcf1.dir/CheckSymbolExists.c.o: In function `main':
CheckSymbolExists.c:(.text+0x1b): undefined reference to `pthread_create'
collect2: error: ld returned 1 exit status
CMakeFiles/cmTC_dbcf1.dir/build.make:97: recipe for target 'cmTC_dbcf1' failed
make[1]: *** [cmTC_dbcf1] Error 1
make[1]: Leaving directory '/afs/kth.se/home/l/n/lnoharet/Documents/dgi/CgLab1/CMakeFiles/CMakeTmp'
Makefile:126: recipe for target 'cmTC_dbcf1/fast' failed
make: *** [cmTC_dbcf1/fast] Error 2

File /home/l/n/lnoharet/Documents/dgi/CgLab1/CMakeFiles/CMakeTmp/CheckSymbolExists.c:
/* */
#include <pthread.h>

int main(int argc, char** argv)
{
  (void)argv;
#ifndef pthread_create
  return ((int*)(&pthread_create))[argc];
#else
  (void)argc;
  return 0;
#endif
}

Determining if the function pthread_create exists in the pthreads failed with the following output:
Change Dir: /home/l/n/lnoharet/Documents/dgi/CgLab1/CMakeFiles/CMakeTmp

Run Build Command:"/usr/bin/make" "cmTC_fb588/fast"
/usr/bin/make -f CMakeFiles/cmTC_fb588.dir/build.make CMakeFiles/cmTC_fb588.dir/build
make[1]: Entering directory '/afs/kth.se/home/l/n/lnoharet/Documents/dgi/CgLab1/CMakeFiles/CMakeTmp'
Building C object CMakeFiles/cmTC_fb588.dir/CheckFunctionExists.c.o
/usr/bin/cc   -DCHECK_FUNCTION_EXISTS=pthread_create   -o CMakeFiles/cmTC_fb588.dir/CheckFunctionExists.c.o   -c /usr/share/cmake-3.10/Modules/CheckFunctionExists.c
Linking C executable cmTC_fb588
/usr/bin/cmake -E cmake_link_script CMakeFiles/cmTC_fb588.dir/link.txt --verbose=1
/usr/bin/cc  -DCHECK_FUNCTION_EXISTS=pthread_create    -rdynamic CMakeFiles/cmTC_fb588.dir/CheckFunctionExists.c.o  -o cmTC_fb588 -lpthreads 
/usr/bin/ld: cannot find -lpthreads
collect2: error: ld returned 1 exit status
CMakeFiles/cmTC_fb588.dir/build.make:97: recipe for target 'cmTC_fb588' failed
make[1]: *** [cmTC_fb588] Error 1
make[1]: Leaving directory '/afs/kth.se/home/l/n/lnoharet/Documents/dgi/CgLab1/CMakeFiles/CMakeTmp'
Makefile:126: recipe for target 'cmTC_fb588/fast' failed
make: *** [cmTC_fb588/fast] Error 2


